


materialPath: C:\Program Files (x86)\Steam\steamapps\common\GarrysMod\garrysmod\materials
Loading C:\Program Files (x86)\Steam\steamapps\common\GarrysMod\bin\Pool4.vmf
Could not locate 'GameData' key in c:\program files (x86)\steam\steamapps\common\garrysmod\garrysmod\gameinfo.txt
fixing up env_cubemap materials on brush sides...
0...1...2...3...4...5...6...7...8...9...10**** leaked ****
Entity info_player_deathmatch (1349.23 187.57 67.00) leaked!
Processing areas...done (0)
Building Faces...done (0)
Chop Details...done (0)
Find Visible Detail Sides...
Merged 24 detail faces...done (0)
Merging details...done (0)
FixTjuncs...
PruneNodes...
WriteBSP...
done (0)
Creating default LDR cubemaps for env_cubemap using skybox materials:
   skybox/sky_day02_02*.vmt
 ! Run buildcubemaps in the engine to get the correct cube maps.
Creating default HDR cubemaps for env_cubemap using skybox materials:
   skybox/sky_day02_02*.vmt
 ! Run buildcubemaps in the engine to get the correct cube maps.
Finding displacement neighbors...
Finding lightmap sample positions...
Displacement Alpha : 0...1...2...3...4...5...6...7...8...9...10
Building Physics collision data...
done (0) (31365 bytes)
Placing detail props : 0...1...2...3...4...5...6...7...8...9...10
Compacting texture/material tables...
Reduced 185 texinfos to 85
Reduced 6 texdatas to 5 (132 bytes to 96)
Writing C:\Program Files (x86)\Steam\steamapps\common\GarrysMod\bin\Pool4.bsp
0 seconds elapsed



8 threads
reading c:\program files (x86)\steam\steamapps\common\garrysmod\bin\Pool4.bsp
reading c:\program files (x86)\steam\steamapps\common\garrysmod\bin\Pool4.prt
LoadPortals: couldn't read c:\program files (x86)\steam\steamapps\common\garrysmod\bin\Pool4.prt



[Reading texlights from 'lights.rad']
[45 texlights parsed from 'lights.rad']

Loading c:\program files (x86)\steam\steamapps\common\garrysmod\bin\Pool4.bsp
No vis information, direct lighting only.
568 faces
1 degenerate faces
345106 square feet [49695320.00 square inches]
0 Displacements
0 Square Feet [0.00 Square Inches]
0 direct lights
0...1...2...3...4...5...6...7...8...9...10Build Patch/Sample Hash Table(s).....Done<0.0008 sec>
0...1...2...3...4...5...6...7...8...9...10FinalLightFace Done
0 of 0 (0% of) surface lights went in leaf ambient cubes.
0...1...2...3...4...5...6...7...8...9...10Writing leaf ambient...done
Ready to Finish

Object names       Objects/Maxobjs  Memory / Maxmem  Fullness 
------------       ---------------  ---------------  -------- 
models                   1/1024           48/49152    ( 0.1%) 
brushes                 84/8192         1008/98304    ( 1.0%) 
brushsides             626/65536        5008/524288   ( 1.0%) 
planes                 312/65536        6240/1310720  ( 0.5%) 
vertexes              1040/65536       12480/786432   ( 1.6%) 
nodes                  509/65536       16288/2097152  ( 0.8%) 
texinfos                85/12288        6120/884736   ( 0.7%) 
texdata                  5/2048          160/65536    ( 0.2%) 
dispinfos                0/0               0/0        ( 0.0%) 
disp_verts               0/0               0/0        ( 0.0%) 
disp_tris                0/0               0/0        ( 0.0%) 
disp_lmsamples           0/0               0/0        ( 0.0%) 
faces                  568/65536       31808/3670016  ( 0.9%) 
hdr faces                0/65536           0/3670016  ( 0.0%) 
origfaces              193/65536       10808/3670016  ( 0.3%) 
leaves                 511/65536       16352/2097152  ( 0.8%) 
leaffaces              910/65536        1820/131072   ( 1.4%) 
leafbrushes            373/65536         746/131072   ( 0.6%) 
areas                    2/256            16/2048     ( 0.8%) 
surfedges             3441/512000      13764/2048000  ( 0.7%) 
edges                 2012/256000       8048/1024000  ( 0.8%) 
LDR worldlights          0/8192            0/720896   ( 0.0%) 
HDR worldlights          0/8192            0/720896   ( 0.0%) 
leafwaterdata            0/32768           0/393216   ( 0.0%) 
waterstrips             65/32768         650/327680   ( 0.2%) 
waterverts               0/65536           0/786432   ( 0.0%) 
waterindices           918/65536        1836/131072   ( 1.4%) 
cubemapsamples           0/1024            0/16384    ( 0.0%) 
overlays                 0/512             0/180224   ( 0.0%) 
LDR lightdata         [variable]      694764/0        ( 0.0%) 
HDR lightdata         [variable]           0/0        ( 0.0%) 
visdata               [variable]           0/16777216 ( 0.0%) 
entdata               [variable]         342/393216   ( 0.1%) 
LDR ambient table      511/65536        2044/262144   ( 0.8%) 
HDR ambient table      511/65536        2044/262144   ( 0.8%) 
LDR leaf ambient       316/65536        8848/1835008  ( 0.5%) 
HDR leaf ambient       511/65536       14308/1835008  ( 0.8%) 
occluders                0/0               0/0        ( 0.0%) 
occluder polygons        0/0               0/0        ( 0.0%) 
occluder vert ind        0/0               0/0        ( 0.0%) 
detail props          [variable]           1/12       ( 8.3%) 
static props          [variable]           1/12       ( 8.3%) 
pakfile               [variable]      211507/0        ( 0.0%) 
physics               [variable]       31365/4194304  ( 0.7%) 
physics terrain       [variable]           2/1048576  ( 0.0%) 

Level flags = 0

Total triangle count: 1533
Writing c:\program files (x86)\steam\steamapps\common\garrysmod\bin\Pool4.bsp
0 seconds elapsed



materialPath: C:\Program Files (x86)\Steam\steamapps\common\GarrysMod\garrysmod\materials
Loading C:\Program Files (x86)\Steam\steamapps\common\GarrysMod\bin\Pool4.vmf
Could not locate 'GameData' key in c:\program files (x86)\steam\steamapps\common\garrysmod\garrysmod\gameinfo.txt
fixing up env_cubemap materials on brush sides...
0...1...2...3...4...5...6...7...8...9...10**** leaked ****
Entity info_player_deathmatch (1349.23 187.57 67.00) leaked!
Processing areas...done (0)
Building Faces...done (0)
Chop Details...done (0)
Find Visible Detail Sides...
Merged 24 detail faces...done (0)
Merging details...done (0)
FixTjuncs...
PruneNodes...
WriteBSP...
done (0)
Creating default LDR cubemaps for env_cubemap using skybox materials:
   skybox/sky_day02_02*.vmt
 ! Run buildcubemaps in the engine to get the correct cube maps.
Creating default HDR cubemaps for env_cubemap using skybox materials:
   skybox/sky_day02_02*.vmt
 ! Run buildcubemaps in the engine to get the correct cube maps.
Finding displacement neighbors...
Finding lightmap sample positions...
Displacement Alpha : 0...1...2...3...4...5...6...7...8...9...10
Building Physics collision data...
done (0) (38709 bytes)
Placing detail props : 0...1...2...3...4...5...6...7...8...9...10
Compacting texture/material tables...
Reduced 212 texinfos to 95
Reduced 6 texdatas to 5 (132 bytes to 96)
Writing C:\Program Files (x86)\Steam\steamapps\common\GarrysMod\bin\Pool4.bsp
0 seconds elapsed



8 threads
reading c:\program files (x86)\steam\steamapps\common\garrysmod\bin\Pool4.bsp
reading c:\program files (x86)\steam\steamapps\common\garrysmod\bin\Pool4.prt
LoadPortals: couldn't read c:\program files (x86)\steam\steamapps\common\garrysmod\bin\Pool4.prt



[Reading texlights from 'lights.rad']
[45 texlights parsed from 'lights.rad']

Loading c:\program files (x86)\steam\steamapps\common\garrysmod\bin\Pool4.bsp
No vis information, direct lighting only.
586 faces
1 degenerate faces
345051 square feet [49687468.00 square inches]
0 Displacements
0 Square Feet [0.00 Square Inches]
0 direct lights
0...1...2...3...4...5...6...7...8...9...10Build Patch/Sample Hash Table(s).....Done<0.0008 sec>
0...1...2...3...4...5...6...7...8...9...10FinalLightFace Done
0 of 0 (0% of) surface lights went in leaf ambient cubes.
0...1...2...3...4...5...6...7...8...9...10Writing leaf ambient...done
Ready to Finish

Object names       Objects/Maxobjs  Memory / Maxmem  Fullness 
------------       ---------------  ---------------  -------- 
models                   1/1024           48/49152    ( 0.1%) 
brushes                102/8192         1224/98304    ( 1.2%) 
brushsides             764/65536        6112/524288   ( 1.2%) 
planes                 334/65536        6680/1310720  ( 0.5%) 
vertexes              1067/65536       12804/786432   ( 1.6%) 
nodes                  577/65536       18464/2097152  ( 0.9%) 
texinfos                95/12288        6840/884736   ( 0.8%) 
texdata                  5/2048          160/65536    ( 0.2%) 
dispinfos                0/0               0/0        ( 0.0%) 
disp_verts               0/0               0/0        ( 0.0%) 
disp_tris                0/0               0/0        ( 0.0%) 
disp_lmsamples           0/0               0/0        ( 0.0%) 
faces                  586/65536       32816/3670016  ( 0.9%) 
hdr faces                0/65536           0/3670016  ( 0.0%) 
origfaces              222/65536       12432/3670016  ( 0.3%) 
leaves                 579/65536       18528/2097152  ( 0.9%) 
leaffaces             1000/65536        2000/131072   ( 1.5%) 
leafbrushes            450/65536         900/131072   ( 0.7%) 
areas                    2/256            16/2048     ( 0.8%) 
surfedges             3584/512000      14336/2048000  ( 0.7%) 
edges                 2095/256000       8380/1024000  ( 0.8%) 
LDR worldlights          0/8192            0/720896   ( 0.0%) 
HDR worldlights          0/8192            0/720896   ( 0.0%) 
leafwaterdata            0/32768           0/393216   ( 0.0%) 
waterstrips             58/32768         580/327680   ( 0.2%) 
waterverts               0/65536           0/786432   ( 0.0%) 
waterindices           825/65536        1650/131072   ( 1.3%) 
cubemapsamples           0/1024            0/16384    ( 0.0%) 
overlays                 0/512             0/180224   ( 0.0%) 
LDR lightdata         [variable]      670856/0        ( 0.0%) 
HDR lightdata         [variable]           0/0        ( 0.0%) 
visdata               [variable]           0/16777216 ( 0.0%) 
entdata               [variable]         342/393216   ( 0.1%) 
LDR ambient table      579/65536        2316/262144   ( 0.9%) 
HDR ambient table      579/65536        2316/262144   ( 0.9%) 
LDR leaf ambient       361/65536       10108/1835008  ( 0.6%) 
HDR leaf ambient       579/65536       16212/1835008  ( 0.9%) 
occluders                0/0               0/0        ( 0.0%) 
occluder polygons        0/0               0/0        ( 0.0%) 
occluder vert ind        0/0               0/0        ( 0.0%) 
detail props          [variable]           1/12       ( 8.3%) 
static props          [variable]           1/12       ( 8.3%) 
pakfile               [variable]      211507/0        ( 0.0%) 
physics               [variable]       38709/4194304  ( 0.9%) 
physics terrain       [variable]           2/1048576  ( 0.0%) 

Level flags = 0

Total triangle count: 1524
Writing c:\program files (x86)\steam\steamapps\common\garrysmod\bin\Pool4.bsp
0 seconds elapsed



materialPath: C:\Program Files (x86)\Steam\steamapps\common\GarrysMod\garrysmod\materials
Loading C:\Program Files (x86)\Steam\steamapps\common\GarrysMod\bin\Pool4.vmf
Could not locate 'GameData' key in c:\program files (x86)\steam\steamapps\common\garrysmod\garrysmod\gameinfo.txt
fixing up env_cubemap materials on brush sides...
0...1...2...3...4...5...6...7...8...9...10**** leaked ****
Entity info_player_deathmatch (1349.23 187.57 67.00) leaked!
Processing areas...done (0)
Building Faces...done (0)
Chop Details...done (0)
Find Visible Detail Sides...
Merged 24 detail faces...done (0)
Merging details...done (0)
FixTjuncs...
PruneNodes...
WriteBSP...
done (0)
Creating default LDR cubemaps for env_cubemap using skybox materials:
   skybox/sky_day02_02*.vmt
 ! Run buildcubemaps in the engine to get the correct cube maps.
Creating default HDR cubemaps for env_cubemap using skybox materials:
   skybox/sky_day02_02*.vmt
 ! Run buildcubemaps in the engine to get the correct cube maps.
Finding displacement neighbors...
Finding lightmap sample positions...
Displacement Alpha : 0...1...2...3...4...5...6...7...8...9...10
Building Physics collision data...
done (0) (42741 bytes)
Placing detail props : 0...1...2...3...4...5...6...7...8...9...10
Compacting texture/material tables...
Reduced 190 texinfos to 84
Reduced 6 texdatas to 5 (132 bytes to 96)
Writing C:\Program Files (x86)\Steam\steamapps\common\GarrysMod\bin\Pool4.bsp
0 seconds elapsed



8 threads
reading c:\program files (x86)\steam\steamapps\common\garrysmod\bin\Pool4.bsp
reading c:\program files (x86)\steam\steamapps\common\garrysmod\bin\Pool4.prt
LoadPortals: couldn't read c:\program files (x86)\steam\steamapps\common\garrysmod\bin\Pool4.prt



[Reading texlights from 'lights.rad']
[45 texlights parsed from 'lights.rad']

Loading c:\program files (x86)\steam\steamapps\common\garrysmod\bin\Pool4.bsp
No vis information, direct lighting only.
486 faces
3 degenerate faces
344728 square feet [49640868.00 square inches]
0 Displacements
0 Square Feet [0.00 Square Inches]
0 direct lights
0...1...2...3...4...5...6...7...8...9...10Build Patch/Sample Hash Table(s).....Done<0.0008 sec>
0...1...2...3...4...5...6...7...8...9...10FinalLightFace Done
0 of 0 (0% of) surface lights went in leaf ambient cubes.
0...1...2...3...4...5...6...7...8...9...10Writing leaf ambient...done
Ready to Finish

Object names       Objects/Maxobjs  Memory / Maxmem  Fullness 
------------       ---------------  ---------------  -------- 
models                   1/1024           48/49152    ( 0.1%) 
brushes                114/8192         1368/98304    ( 1.4%) 
brushsides             854/65536        6832/524288   ( 1.3%) 
planes                 276/65536        5520/1310720  ( 0.4%) 
vertexes               850/65536       10200/786432   ( 1.3%) 
nodes                  420/65536       13440/2097152  ( 0.6%) 
texinfos                84/12288        6048/884736   ( 0.7%) 
texdata                  5/2048          160/65536    ( 0.2%) 
dispinfos                0/0               0/0        ( 0.0%) 
disp_verts               0/0               0/0        ( 0.0%) 
disp_tris                0/0               0/0        ( 0.0%) 
disp_lmsamples           0/0               0/0        ( 0.0%) 
faces                  486/65536       27216/3670016  ( 0.7%) 
hdr faces                0/65536           0/3670016  ( 0.0%) 
origfaces              226/65536       12656/3670016  ( 0.3%) 
leaves                 422/65536       13504/2097152  ( 0.6%) 
leaffaces              788/65536        1576/131072   ( 1.2%) 
leafbrushes            361/65536         722/131072   ( 0.6%) 
areas                    2/256            16/2048     ( 0.8%) 
surfedges             3075/512000      12300/2048000  ( 0.6%) 
edges                 1779/256000       7116/1024000  ( 0.7%) 
LDR worldlights          0/8192            0/720896   ( 0.0%) 
HDR worldlights          0/8192            0/720896   ( 0.0%) 
leafwaterdata            0/32768           0/393216   ( 0.0%) 
waterstrips             39/32768         390/327680   ( 0.1%) 
waterverts               0/65536           0/786432   ( 0.0%) 
waterindices           582/65536        1164/131072   ( 0.9%) 
cubemapsamples           0/1024            0/16384    ( 0.0%) 
overlays                 0/512             0/180224   ( 0.0%) 
LDR lightdata         [variable]      655036/0        ( 0.0%) 
HDR lightdata         [variable]           0/0        ( 0.0%) 
visdata               [variable]           0/16777216 ( 0.0%) 
entdata               [variable]         342/393216   ( 0.1%) 
LDR ambient table      422/65536        1688/262144   ( 0.6%) 
HDR ambient table      422/65536        1688/262144   ( 0.6%) 
LDR leaf ambient       260/65536        7280/1835008  ( 0.4%) 
HDR leaf ambient       422/65536       11816/1835008  ( 0.6%) 
occluders                0/0               0/0        ( 0.0%) 
occluder polygons        0/0               0/0        ( 0.0%) 
occluder vert ind        0/0               0/0        ( 0.0%) 
detail props          [variable]           1/12       ( 8.3%) 
static props          [variable]           1/12       ( 8.3%) 
pakfile               [variable]      211507/0        ( 0.0%) 
physics               [variable]       42741/4194304  ( 1.0%) 
physics terrain       [variable]           2/1048576  ( 0.0%) 

Level flags = 0

Total triangle count: 1199
Writing c:\program files (x86)\steam\steamapps\common\garrysmod\bin\Pool4.bsp
0 seconds elapsed



materialPath: C:\Program Files (x86)\Steam\steamapps\common\GarrysMod\garrysmod\materials
Loading C:\Program Files (x86)\Steam\steamapps\common\GarrysMod\bin\Pool4.vmf
Could not locate 'GameData' key in c:\program files (x86)\steam\steamapps\common\garrysmod\garrysmod\gameinfo.txt
fixing up env_cubemap materials on brush sides...
0...1...2...3...4...5...6...7...8...9...10**** leaked ****
Entity info_player_deathmatch (1349.23 187.57 67.00) leaked!
Processing areas...done (0)
Building Faces...done (0)
Chop Details...done (0)
Find Visible Detail Sides...
Merged 24 detail faces...done (0)
Merging details...done (0)
FixTjuncs...
PruneNodes...
WriteBSP...
done (0)
Creating default LDR cubemaps for env_cubemap using skybox materials:
   skybox/sky_day02_02*.vmt
 ! Run buildcubemaps in the engine to get the correct cube maps.
Creating default HDR cubemaps for env_cubemap using skybox materials:
   skybox/sky_day02_02*.vmt
 ! Run buildcubemaps in the engine to get the correct cube maps.
Finding displacement neighbors...
Finding lightmap sample positions...
Displacement Alpha : 0...1...2...3...4...5...6...7...8...9...10
Building Physics collision data...
done (0) (44797 bytes)
Placing detail props : 0...1...2...3...4...5...6...7...8...9...10
Compacting texture/material tables...
Reduced 209 texinfos to 92
Reduced 6 texdatas to 5 (132 bytes to 96)
Writing C:\Program Files (x86)\Steam\steamapps\common\GarrysMod\bin\Pool4.bsp
0 seconds elapsed



8 threads
reading c:\program files (x86)\steam\steamapps\common\garrysmod\bin\Pool4.bsp
reading c:\program files (x86)\steam\steamapps\common\garrysmod\bin\Pool4.prt
LoadPortals: couldn't read c:\program files (x86)\steam\steamapps\common\garrysmod\bin\Pool4.prt



[Reading texlights from 'lights.rad']
[45 texlights parsed from 'lights.rad']

Loading c:\program files (x86)\steam\steamapps\common\garrysmod\bin\Pool4.bsp
No vis information, direct lighting only.
508 faces
1 degenerate faces
343600 square feet [49478508.00 square inches]
0 Displacements
0 Square Feet [0.00 Square Inches]
0 direct lights
0...1...2...3...4...5...6...7...8...9...10Build Patch/Sample Hash Table(s).....Done<0.0008 sec>
0...1...2...3...4...5...6...7...8...9...10FinalLightFace Done
0 of 0 (0% of) surface lights went in leaf ambient cubes.
0...1...2...3...4...5...6...7...8...9...10Writing leaf ambient...done
Ready to Finish

Object names       Objects/Maxobjs  Memory / Maxmem  Fullness 
------------       ---------------  ---------------  -------- 
models                   1/1024           48/49152    ( 0.1%) 
brushes                119/8192         1428/98304    ( 1.5%) 
brushsides             900/65536        7200/524288   ( 1.4%) 
planes                 300/65536        6000/1310720  ( 0.5%) 
vertexes               886/65536       10632/786432   ( 1.4%) 
nodes                  444/65536       14208/2097152  ( 0.7%) 
texinfos                92/12288        6624/884736   ( 0.7%) 
texdata                  5/2048          160/65536    ( 0.2%) 
dispinfos                0/0               0/0        ( 0.0%) 
disp_verts               0/0               0/0        ( 0.0%) 
disp_tris                0/0               0/0        ( 0.0%) 
disp_lmsamples           0/0               0/0        ( 0.0%) 
faces                  508/65536       28448/3670016  ( 0.8%) 
hdr faces                0/65536           0/3670016  ( 0.0%) 
origfaces              237/65536       13272/3670016  ( 0.4%) 
leaves                 446/65536       14272/2097152  ( 0.7%) 
leaffaces              875/65536        1750/131072   ( 1.3%) 
leafbrushes            397/65536         794/131072   ( 0.6%) 
areas                    2/256            16/2048     ( 0.8%) 
surfedges             3204/512000      12816/2048000  ( 0.6%) 
edges                 1857/256000       7428/1024000  ( 0.7%) 
LDR worldlights          0/8192            0/720896   ( 0.0%) 
HDR worldlights          0/8192            0/720896   ( 0.0%) 
leafwaterdata            0/32768           0/393216   ( 0.0%) 
waterstrips             37/32768         370/327680   ( 0.1%) 
waterverts               0/65536           0/786432   ( 0.0%) 
waterindices           528/65536        1056/131072   ( 0.8%) 
cubemapsamples           0/1024            0/16384    ( 0.0%) 
overlays                 0/512             0/180224   ( 0.0%) 
LDR lightdata         [variable]      638604/0        ( 0.0%) 
HDR lightdata         [variable]           0/0        ( 0.0%) 
visdata               [variable]           0/16777216 ( 0.0%) 
entdata               [variable]         342/393216   ( 0.1%) 
LDR ambient table      446/65536        1784/262144   ( 0.7%) 
HDR ambient table      446/65536        1784/262144   ( 0.7%) 
LDR leaf ambient       281/65536        7868/1835008  ( 0.4%) 
HDR leaf ambient       446/65536       12488/1835008  ( 0.7%) 
occluders                0/0               0/0        ( 0.0%) 
occluder polygons        0/0               0/0        ( 0.0%) 
occluder vert ind        0/0               0/0        ( 0.0%) 
detail props          [variable]           1/12       ( 8.3%) 
static props          [variable]           1/12       ( 8.3%) 
pakfile               [variable]      211507/0        ( 0.0%) 
physics               [variable]       44797/4194304  ( 1.1%) 
physics terrain       [variable]           2/1048576  ( 0.0%) 

Level flags = 0

Total triangle count: 1240
Writing c:\program files (x86)\steam\steamapps\common\garrysmod\bin\Pool4.bsp
0 seconds elapsed



materialPath: C:\Program Files (x86)\Steam\steamapps\common\GarrysMod\garrysmod\materials
Loading C:\Program Files (x86)\Steam\steamapps\common\GarrysMod\bin\Pool4.vmf
Could not locate 'GameData' key in c:\program files (x86)\steam\steamapps\common\garrysmod\garrysmod\gameinfo.txt
fixing up env_cubemap materials on brush sides...
0...1...2...3...4...5...6...7...8...9...10**** leaked ****
Entity info_player_deathmatch (1349.23 187.57 67.00) leaked!
Processing areas...done (0)
Building Faces...done (0)
Chop Details...done (0)
Find Visible Detail Sides...
Merged 24 detail faces...done (0)
Merging details...done (0)
FixTjuncs...
PruneNodes...
WriteBSP...
done (0)
Creating default LDR cubemaps for env_cubemap using skybox materials:
   skybox/sky_day02_02*.vmt
 ! Run buildcubemaps in the engine to get the correct cube maps.
Creating default HDR cubemaps for env_cubemap using skybox materials:
   skybox/sky_day02_02*.vmt
 ! Run buildcubemaps in the engine to get the correct cube maps.
Finding displacement neighbors...
Finding lightmap sample positions...
Displacement Alpha : 0...1...2...3...4...5...6...7...8...9...10
Building Physics collision data...
done (0) (45749 bytes)
Placing detail props : 0...1...2...3...4...5...6...7...8...9...10
Compacting texture/material tables...
Reduced 209 texinfos to 92
Reduced 6 texdatas to 5 (132 bytes to 96)
Writing C:\Program Files (x86)\Steam\steamapps\common\GarrysMod\bin\Pool4.bsp
0 seconds elapsed



8 threads
reading c:\program files (x86)\steam\steamapps\common\garrysmod\bin\Pool4.bsp
reading c:\program files (x86)\steam\steamapps\common\garrysmod\bin\Pool4.prt
LoadPortals: couldn't read c:\program files (x86)\steam\steamapps\common\garrysmod\bin\Pool4.prt



[Reading texlights from 'lights.rad']
[45 texlights parsed from 'lights.rad']

Loading c:\program files (x86)\steam\steamapps\common\garrysmod\bin\Pool4.bsp
No vis information, direct lighting only.
517 faces
1 degenerate faces
344896 square feet [49665052.00 square inches]
0 Displacements
0 Square Feet [0.00 Square Inches]
0 direct lights
0...1...2...3...4...5...6...7...8...9...10Build Patch/Sample Hash Table(s).....Done<0.0008 sec>
0...1...2...3...4...5...6...7...8...9...10FinalLightFace Done
0 of 0 (0% of) surface lights went in leaf ambient cubes.
0...1...2...3...4...5...6...7...8...9...10Writing leaf ambient...done
Ready to Finish

Object names       Objects/Maxobjs  Memory / Maxmem  Fullness 
------------       ---------------  ---------------  -------- 
models                   1/1024           48/49152    ( 0.1%) 
brushes                122/8192         1464/98304    ( 1.5%) 
brushsides             918/65536        7344/524288   ( 1.4%) 
planes                 300/65536        6000/1310720  ( 0.5%) 
vertexes               907/65536       10884/786432   ( 1.4%) 
nodes                  456/65536       14592/2097152  ( 0.7%) 
texinfos                92/12288        6624/884736   ( 0.7%) 
texdata                  5/2048          160/65536    ( 0.2%) 
dispinfos                0/0               0/0        ( 0.0%) 
disp_verts               0/0               0/0        ( 0.0%) 
disp_tris                0/0               0/0        ( 0.0%) 
disp_lmsamples           0/0               0/0        ( 0.0%) 
faces                  517/65536       28952/3670016  ( 0.8%) 
hdr faces                0/65536           0/3670016  ( 0.0%) 
origfaces              239/65536       13384/3670016  ( 0.4%) 
leaves                 458/65536       14656/2097152  ( 0.7%) 
leaffaces              816/65536        1632/131072   ( 1.2%) 
leafbrushes            373/65536         746/131072   ( 0.6%) 
areas                    2/256            16/2048     ( 0.8%) 
surfedges             3252/512000      13008/2048000  ( 0.6%) 
edges                 1882/256000       7528/1024000  ( 0.7%) 
LDR worldlights          0/8192            0/720896   ( 0.0%) 
HDR worldlights          0/8192            0/720896   ( 0.0%) 
leafwaterdata            0/32768           0/393216   ( 0.0%) 
waterstrips             39/32768         390/327680   ( 0.1%) 
waterverts               0/65536           0/786432   ( 0.0%) 
waterindices           546/65536        1092/131072   ( 0.8%) 
cubemapsamples           0/1024            0/16384    ( 0.0%) 
overlays                 0/512             0/180224   ( 0.0%) 
LDR lightdata         [variable]      638660/0        ( 0.0%) 
HDR lightdata         [variable]           0/0        ( 0.0%) 
visdata               [variable]           0/16777216 ( 0.0%) 
entdata               [variable]         342/393216   ( 0.1%) 
LDR ambient table      458/65536        1832/262144   ( 0.7%) 
HDR ambient table      458/65536        1832/262144   ( 0.7%) 
LDR leaf ambient       285/65536        7980/1835008  ( 0.4%) 
HDR leaf ambient       458/65536       12824/1835008  ( 0.7%) 
occluders                0/0               0/0        ( 0.0%) 
occluder polygons        0/0               0/0        ( 0.0%) 
occluder vert ind        0/0               0/0        ( 0.0%) 
detail props          [variable]           1/12       ( 8.3%) 
static props          [variable]           1/12       ( 8.3%) 
pakfile               [variable]      211507/0        ( 0.0%) 
physics               [variable]       45749/4194304  ( 1.1%) 
physics terrain       [variable]           2/1048576  ( 0.0%) 

Level flags = 0

Total triangle count: 1262
Writing c:\program files (x86)\steam\steamapps\common\garrysmod\bin\Pool4.bsp
0 seconds elapsed



materialPath: C:\Program Files (x86)\Steam\steamapps\common\GarrysMod\garrysmod\materials
Loading C:\Program Files (x86)\Steam\steamapps\common\GarrysMod\bin\Pool4.vmf
Could not locate 'GameData' key in c:\program files (x86)\steam\steamapps\common\garrysmod\garrysmod\gameinfo.txt
fixing up env_cubemap materials on brush sides...
0...1...2...3...4...5...6...7...8...9...10**** leaked ****
Entity info_player_deathmatch (1349.23 187.57 67.00) leaked!
Processing areas...done (0)
Building Faces...done (0)
Chop Details...done (0)
Find Visible Detail Sides...
Merged 24 detail faces...done (0)
Merging details...done (0)
FixTjuncs...
PruneNodes...
WriteBSP...
done (0)
Creating default LDR cubemaps for env_cubemap using skybox materials:
   skybox/sky_day02_02*.vmt
 ! Run buildcubemaps in the engine to get the correct cube maps.
Creating default HDR cubemaps for env_cubemap using skybox materials:
   skybox/sky_day02_02*.vmt
 ! Run buildcubemaps in the engine to get the correct cube maps.
Finding displacement neighbors...
Finding lightmap sample positions...
Displacement Alpha : 0...1...2...3...4...5...6...7...8...9...10
Building Physics collision data...
done (0) (46448 bytes)
Placing detail props : 0...1...2...3...4...5...6...7...8...9...10
Water found with no water_lod_control entity, creating a default one.
Compacting texture/material tables...
Reduced 213 texinfos to 97
Reduced 9 texdatas to 7 (226 bytes to 148)
Writing C:\Program Files (x86)\Steam\steamapps\common\GarrysMod\bin\Pool4.bsp
0 seconds elapsed



8 threads
reading c:\program files (x86)\steam\steamapps\common\garrysmod\bin\Pool4.bsp
reading c:\program files (x86)\steam\steamapps\common\garrysmod\bin\Pool4.prt
LoadPortals: couldn't read c:\program files (x86)\steam\steamapps\common\garrysmod\bin\Pool4.prt



[Reading texlights from 'lights.rad']
[45 texlights parsed from 'lights.rad']

Loading c:\program files (x86)\steam\steamapps\common\garrysmod\bin\Pool4.bsp
No vis information, direct lighting only.
539 faces
1 degenerate faces
370333 square feet [53328092.00 square inches]
0 Displacements
0 Square Feet [0.00 Square Inches]
0 direct lights
0...1...2...3...4...5...6...7...8...9...10Build Patch/Sample Hash Table(s).....Done<0.0006 sec>
0...1...2...3...4...5...6...7...8...9...10FinalLightFace Done
0 of 0 (0% of) surface lights went in leaf ambient cubes.
0...1...2...3...4...5...6...7...8...9...10Writing leaf ambient...done
Ready to Finish

Object names       Objects/Maxobjs  Memory / Maxmem  Fullness 
------------       ---------------  ---------------  -------- 
models                   1/1024           48/49152    ( 0.1%) 
brushes                123/8192         1476/98304    ( 1.5%) 
brushsides             921/65536        7368/524288   ( 1.4%) 
planes                 308/65536        6160/1310720  ( 0.5%) 
vertexes               910/65536       10920/786432   ( 1.4%) 
nodes                  584/65536       18688/2097152  ( 0.9%) 
texinfos                97/12288        6984/884736   ( 0.8%) 
texdata                  7/2048          224/65536    ( 0.3%) 
dispinfos                0/0               0/0        ( 0.0%) 
disp_verts               0/0               0/0        ( 0.0%) 
disp_tris                0/0               0/0        ( 0.0%) 
disp_lmsamples           0/0               0/0        ( 0.0%) 
faces                  539/65536       30184/3670016  ( 0.8%) 
hdr faces                0/65536           0/3670016  ( 0.0%) 
origfaces              253/65536       14168/3670016  ( 0.4%) 
leaves                 586/65536       18752/2097152  ( 0.9%) 
leaffaces              952/65536        1904/131072   ( 1.5%) 
leafbrushes            463/65536         926/131072   ( 0.7%) 
areas                    2/256            16/2048     ( 0.8%) 
surfedges             3453/512000      13812/2048000  ( 0.7%) 
edges                 2016/256000       8064/1024000  ( 0.8%) 
LDR worldlights          0/8192            0/720896   ( 0.0%) 
HDR worldlights          0/8192            0/720896   ( 0.0%) 
leafwaterdata            1/32768          12/393216   ( 0.0%) 
waterstrips             38/32768         380/327680   ( 0.1%) 
waterverts               0/65536           0/786432   ( 0.0%) 
waterindices           720/65536        1440/131072   ( 1.1%) 
cubemapsamples           0/1024            0/16384    ( 0.0%) 
overlays                 0/512             0/180224   ( 0.0%) 
LDR lightdata         [variable]      460648/0        ( 0.0%) 
HDR lightdata         [variable]           0/0        ( 0.0%) 
visdata               [variable]           0/16777216 ( 0.0%) 
entdata               [variable]         442/393216   ( 0.1%) 
LDR ambient table      586/65536        2344/262144   ( 0.9%) 
HDR ambient table      586/65536        2344/262144   ( 0.9%) 
LDR leaf ambient       348/65536        9744/1835008  ( 0.5%) 
HDR leaf ambient       586/65536       16408/1835008  ( 0.9%) 
occluders                0/0               0/0        ( 0.0%) 
occluder polygons        0/0               0/0        ( 0.0%) 
occluder vert ind        0/0               0/0        ( 0.0%) 
detail props          [variable]           1/12       ( 8.3%) 
static props          [variable]           1/12       ( 8.3%) 
pakfile               [variable]      211801/0        ( 0.0%) 
physics               [variable]       46448/4194304  ( 1.1%) 
physics terrain       [variable]           2/1048576  ( 0.0%) 

Level flags = 0

Total triangle count: 1359
Writing c:\program files (x86)\steam\steamapps\common\garrysmod\bin\Pool4.bsp
0 seconds elapsed



materialPath: C:\Program Files (x86)\Steam\steamapps\common\GarrysMod\garrysmod\materials
Loading C:\Program Files (x86)\Steam\steamapps\common\GarrysMod\bin\Pool4.vmf
Could not locate 'GameData' key in c:\program files (x86)\steam\steamapps\common\garrysmod\garrysmod\gameinfo.txt
fixing up env_cubemap materials on brush sides...
0...1...2...3...4...5...6...7...8...9...10**** leaked ****
Entity info_player_deathmatch (1349.23 187.57 67.00) leaked!
Processing areas...done (0)
Building Faces...done (0)
Chop Details...done (0)
Find Visible Detail Sides...
Merged 24 detail faces...done (0)
Merging details...done (0)
FixTjuncs...
PruneNodes...
WriteBSP...
done (0)
Creating default LDR cubemaps for env_cubemap using skybox materials:
   skybox/sky_day02_02*.vmt
 ! Run buildcubemaps in the engine to get the correct cube maps.
Creating default HDR cubemaps for env_cubemap using skybox materials:
   skybox/sky_day02_02*.vmt
 ! Run buildcubemaps in the engine to get the correct cube maps.
Finding displacement neighbors...
Finding lightmap sample positions...
Displacement Alpha : 0...1...2...3...4...5...6...7...8...9...10
Building Physics collision data...
done (0) (45637 bytes)
Placing detail props : 0...1...2...3...4...5...6...7...8...9...10
Compacting texture/material tables...
Reduced 206 texinfos to 91
Reduced 6 texdatas to 5 (132 bytes to 96)
Writing C:\Program Files (x86)\Steam\steamapps\common\GarrysMod\bin\Pool4.bsp
0 seconds elapsed



8 threads
reading c:\program files (x86)\steam\steamapps\common\garrysmod\bin\Pool4.bsp
reading c:\program files (x86)\steam\steamapps\common\garrysmod\bin\Pool4.prt
LoadPortals: couldn't read c:\program files (x86)\steam\steamapps\common\garrysmod\bin\Pool4.prt



[Reading texlights from 'lights.rad']
[45 texlights parsed from 'lights.rad']

Loading c:\program files (x86)\steam\steamapps\common\garrysmod\bin\Pool4.bsp
No vis information, direct lighting only.
431 faces
328161 square feet [47255240.00 square inches]
0 Displacements
0 Square Feet [0.00 Square Inches]
0 direct lights
0...1...2...3...4...5...6...7...8...9...10Build Patch/Sample Hash Table(s).....Done<0.0005 sec>
0...1...2...3...4...5...6...7...8...9...10FinalLightFace Done
0 of 0 (0% of) surface lights went in leaf ambient cubes.
0...1...2...3...4...5...6...7...8...9...10Writing leaf ambient...done
Ready to Finish

Object names       Objects/Maxobjs  Memory / Maxmem  Fullness 
------------       ---------------  ---------------  -------- 
models                   1/1024           48/49152    ( 0.1%) 
brushes                122/8192         1464/98304    ( 1.5%) 
brushsides             914/65536        7312/524288   ( 1.4%) 
planes                 306/65536        6120/1310720  ( 0.5%) 
vertexes               803/65536        9636/786432   ( 1.2%) 
nodes                  452/65536       14464/2097152  ( 0.7%) 
texinfos                91/12288        6552/884736   ( 0.7%) 
texdata                  5/2048          160/65536    ( 0.2%) 
dispinfos                0/0               0/0        ( 0.0%) 
disp_verts               0/0               0/0        ( 0.0%) 
disp_tris                0/0               0/0        ( 0.0%) 
disp_lmsamples           0/0               0/0        ( 0.0%) 
faces                  431/65536       24136/3670016  ( 0.7%) 
hdr faces                0/65536           0/3670016  ( 0.0%) 
origfaces              239/65536       13384/3670016  ( 0.4%) 
leaves                 454/65536       14528/2097152  ( 0.7%) 
leaffaces              820/65536        1640/131072   ( 1.3%) 
leafbrushes            411/65536         822/131072   ( 0.6%) 
areas                    2/256            16/2048     ( 0.8%) 
surfedges             2831/512000      11324/2048000  ( 0.6%) 
edges                 1680/256000       6720/1024000  ( 0.7%) 
LDR worldlights          0/8192            0/720896   ( 0.0%) 
HDR worldlights          0/8192            0/720896   ( 0.0%) 
leafwaterdata            0/32768           0/393216   ( 0.0%) 
waterstrips             27/32768         270/327680   ( 0.1%) 
waterverts               0/65536           0/786432   ( 0.0%) 
waterindices           393/65536         786/131072   ( 0.6%) 
cubemapsamples           0/1024            0/16384    ( 0.0%) 
overlays                 0/512             0/180224   ( 0.0%) 
LDR lightdata         [variable]      432080/0        ( 0.0%) 
HDR lightdata         [variable]           0/0        ( 0.0%) 
visdata               [variable]           0/16777216 ( 0.0%) 
entdata               [variable]         342/393216   ( 0.1%) 
LDR ambient table      454/65536        1816/262144   ( 0.7%) 
HDR ambient table      454/65536        1816/262144   ( 0.7%) 
LDR leaf ambient       280/65536        7840/1835008  ( 0.4%) 
HDR leaf ambient       454/65536       12712/1835008  ( 0.7%) 
occluders                0/0               0/0        ( 0.0%) 
occluder polygons        0/0               0/0        ( 0.0%) 
occluder vert ind        0/0               0/0        ( 0.0%) 
detail props          [variable]           1/12       ( 8.3%) 
static props          [variable]           1/12       ( 8.3%) 
pakfile               [variable]      211507/0        ( 0.0%) 
physics               [variable]       45637/4194304  ( 1.1%) 
physics terrain       [variable]           2/1048576  ( 0.0%) 

Level flags = 0

Total triangle count: 1013
Writing c:\program files (x86)\steam\steamapps\common\garrysmod\bin\Pool4.bsp
0 seconds elapsed



materialPath: C:\Program Files (x86)\Steam\steamapps\common\GarrysMod\garrysmod\materials
Loading C:\Program Files (x86)\Steam\steamapps\common\GarrysMod\bin\Pool4.vmf
Could not locate 'GameData' key in c:\program files (x86)\steam\steamapps\common\garrysmod\garrysmod\gameinfo.txt
fixing up env_cubemap materials on brush sides...
0...1...2...3...4...5...6...7...8...9...10**** leaked ****
Entity info_player_deathmatch (1349.23 187.57 67.00) leaked!
Processing areas...done (0)
Building Faces...done (0)
Chop Details...done (0)
Find Visible Detail Sides...
Merged 24 detail faces...done (0)
Merging details...done (0)
FixTjuncs...
PruneNodes...
WriteBSP...
done (0)
Creating default LDR cubemaps for env_cubemap using skybox materials:
   skybox/sky_day02_02*.vmt
 ! Run buildcubemaps in the engine to get the correct cube maps.
Creating default HDR cubemaps for env_cubemap using skybox materials:
   skybox/sky_day02_02*.vmt
 ! Run buildcubemaps in the engine to get the correct cube maps.
Finding displacement neighbors...
Finding lightmap sample positions...
Displacement Alpha : 0...1...2...3...4...5...6...7...8...9...10
Building Physics collision data...
done (0) (45997 bytes)
Placing detail props : 0...1...2...3...4...5...6...7...8...9...10
Compacting texture/material tables...
Reduced 209 texinfos to 94
Reduced 7 texdatas to 6 (150 bytes to 114)
Writing C:\Program Files (x86)\Steam\steamapps\common\GarrysMod\bin\Pool4.bsp
0 seconds elapsed



8 threads
reading c:\program files (x86)\steam\steamapps\common\garrysmod\bin\Pool4.bsp
reading c:\program files (x86)\steam\steamapps\common\garrysmod\bin\Pool4.prt
LoadPortals: couldn't read c:\program files (x86)\steam\steamapps\common\garrysmod\bin\Pool4.prt



[Reading texlights from 'lights.rad']
[45 texlights parsed from 'lights.rad']

Loading c:\program files (x86)\steam\steamapps\common\garrysmod\bin\Pool4.bsp
No vis information, direct lighting only.
453 faces
328360 square feet [47283944.00 square inches]
0 Displacements
0 Square Feet [0.00 Square Inches]
0 direct lights
0...1...2...3...4...5...6...7...8...9...10Build Patch/Sample Hash Table(s).....Done<0.0006 sec>
0...1...2...3...4...5...6...7...8...9...10FinalLightFace Done
0 of 0 (0% of) surface lights went in leaf ambient cubes.
0...1...2...3...4...5...6...7...8...9...10Writing leaf ambient...done
Ready to Finish

Object names       Objects/Maxobjs  Memory / Maxmem  Fullness 
------------       ---------------  ---------------  -------- 
models                   1/1024           48/49152    ( 0.1%) 
brushes                123/8192         1476/98304    ( 1.5%) 
brushsides             920/65536        7360/524288   ( 1.4%) 
planes                 308/65536        6160/1310720  ( 0.5%) 
vertexes               825/65536        9900/786432   ( 1.3%) 
nodes                  456/65536       14592/2097152  ( 0.7%) 
texinfos                94/12288        6768/884736   ( 0.8%) 
texdata                  6/2048          192/65536    ( 0.3%) 
dispinfos                0/0               0/0        ( 0.0%) 
disp_verts               0/0               0/0        ( 0.0%) 
disp_tris                0/0               0/0        ( 0.0%) 
disp_lmsamples           0/0               0/0        ( 0.0%) 
faces                  453/65536       25368/3670016  ( 0.7%) 
hdr faces                0/65536           0/3670016  ( 0.0%) 
origfaces              243/65536       13608/3670016  ( 0.4%) 
leaves                 458/65536       14656/2097152  ( 0.7%) 
leaffaces              830/65536        1660/131072   ( 1.3%) 
leafbrushes            408/65536         816/131072   ( 0.6%) 
areas                    2/256            16/2048     ( 0.8%) 
surfedges             2965/512000      11860/2048000  ( 0.6%) 
edges                 1767/256000       7068/1024000  ( 0.7%) 
LDR worldlights          0/8192            0/720896   ( 0.0%) 
HDR worldlights          0/8192            0/720896   ( 0.0%) 
leafwaterdata            0/32768           0/393216   ( 0.0%) 
waterstrips             35/32768         350/327680   ( 0.1%) 
waterverts               0/65536           0/786432   ( 0.0%) 
waterindices           495/65536         990/131072   ( 0.8%) 
cubemapsamples           0/1024            0/16384    ( 0.0%) 
overlays                 0/512             0/180224   ( 0.0%) 
LDR lightdata         [variable]      438456/0        ( 0.0%) 
HDR lightdata         [variable]           0/0        ( 0.0%) 
visdata               [variable]           0/16777216 ( 0.0%) 
entdata               [variable]         342/393216   ( 0.1%) 
LDR ambient table      458/65536        1832/262144   ( 0.7%) 
HDR ambient table      458/65536        1832/262144   ( 0.7%) 
LDR leaf ambient       284/65536        7952/1835008  ( 0.4%) 
HDR leaf ambient       458/65536       12824/1835008  ( 0.7%) 
occluders                0/0               0/0        ( 0.0%) 
occluder polygons        0/0               0/0        ( 0.0%) 
occluder vert ind        0/0               0/0        ( 0.0%) 
detail props          [variable]           1/12       ( 8.3%) 
static props          [variable]           1/12       ( 8.3%) 
pakfile               [variable]      211507/0        ( 0.0%) 
physics               [variable]       45997/4194304  ( 1.1%) 
physics terrain       [variable]           2/1048576  ( 0.0%) 

Level flags = 0

Total triangle count: 1087
Writing c:\program files (x86)\steam\steamapps\common\garrysmod\bin\Pool4.bsp
0 seconds elapsed



materialPath: C:\Program Files (x86)\Steam\steamapps\common\GarrysMod\garrysmod\materials
Loading C:\Program Files (x86)\Steam\steamapps\common\GarrysMod\bin\Pool4.vmf
Could not locate 'GameData' key in c:\program files (x86)\steam\steamapps\common\garrysmod\garrysmod\gameinfo.txt
fixing up env_cubemap materials on brush sides...
0...1...2...3...4...5...6...7...8...9...10**** leaked ****
Entity info_player_deathmatch (1349.23 187.57 67.00) leaked!
Processing areas...done (0)
Building Faces...done (0)
Chop Details...done (0)
Find Visible Detail Sides...
Merged 24 detail faces...done (0)
Merging details...done (0)
FixTjuncs...
PruneNodes...
WriteBSP...
done (0)
Creating default LDR cubemaps for env_cubemap using skybox materials:
   skybox/sky_day02_02*.vmt
 ! Run buildcubemaps in the engine to get the correct cube maps.
Creating default HDR cubemaps for env_cubemap using skybox materials:
   skybox/sky_day02_02*.vmt
 ! Run buildcubemaps in the engine to get the correct cube maps.
Finding displacement neighbors...
Finding lightmap sample positions...
Displacement Alpha : 0...1...2...3...4...5...6...7...8...9...10
Building Physics collision data...
done (0) (51093 bytes)
Placing detail props : 0...1...2...3...4...5...6...7...8...9...10
Compacting texture/material tables...
Reduced 238 texinfos to 113
Reduced 7 texdatas to 6 (150 bytes to 114)
Writing C:\Program Files (x86)\Steam\steamapps\common\GarrysMod\bin\Pool4.bsp
0 seconds elapsed



8 threads
reading c:\program files (x86)\steam\steamapps\common\garrysmod\bin\Pool4.bsp
reading c:\program files (x86)\steam\steamapps\common\garrysmod\bin\Pool4.prt
LoadPortals: couldn't read c:\program files (x86)\steam\steamapps\common\garrysmod\bin\Pool4.prt



[Reading texlights from 'lights.rad']
[45 texlights parsed from 'lights.rad']

Loading c:\program files (x86)\steam\steamapps\common\garrysmod\bin\Pool4.bsp
No vis information, direct lighting only.
579 faces
329228 square feet [47408880.00 square inches]
0 Displacements
0 Square Feet [0.00 Square Inches]
0 direct lights
0...1...2...3...4...5...6...7...8...9...10Build Patch/Sample Hash Table(s).....Done<0.0006 sec>
0...1...2...3...4...5...6...7...8...9...10FinalLightFace Done
0 of 0 (0% of) surface lights went in leaf ambient cubes.
0...1...2...3...4...5...6...7...8...9...10Writing leaf ambient...done
Ready to Finish

Object names       Objects/Maxobjs  Memory / Maxmem  Fullness 
------------       ---------------  ---------------  -------- 
models                   1/1024           48/49152    ( 0.1%) 
brushes                138/8192         1656/98304    ( 1.7%) 
brushsides            1010/65536        8080/524288   ( 1.5%) 
planes                 312/65536        6240/1310720  ( 0.5%) 
vertexes               925/65536       11100/786432   ( 1.4%) 
nodes                  502/65536       16064/2097152  ( 0.8%) 
texinfos               113/12288        8136/884736   ( 0.9%) 
texdata                  6/2048          192/65536    ( 0.3%) 
dispinfos                0/0               0/0        ( 0.0%) 
disp_verts               0/0               0/0        ( 0.0%) 
disp_tris                0/0               0/0        ( 0.0%) 
disp_lmsamples           0/0               0/0        ( 0.0%) 
faces                  579/65536       32424/3670016  ( 0.9%) 
hdr faces                0/65536           0/3670016  ( 0.0%) 
origfaces              271/65536       15176/3670016  ( 0.4%) 
leaves                 504/65536       16128/2097152  ( 0.8%) 
leaffaces              931/65536        1862/131072   ( 1.4%) 
leafbrushes            422/65536         844/131072   ( 0.6%) 
areas                    2/256            16/2048     ( 0.8%) 
surfedges             3655/512000      14620/2048000  ( 0.7%) 
edges                 2240/256000       8960/1024000  ( 0.9%) 
LDR worldlights          0/8192            0/720896   ( 0.0%) 
HDR worldlights          0/8192            0/720896   ( 0.0%) 
leafwaterdata            0/32768           0/393216   ( 0.0%) 
waterstrips             60/32768         600/327680   ( 0.2%) 
waterverts               0/65536           0/786432   ( 0.0%) 
waterindices           816/65536        1632/131072   ( 1.2%) 
cubemapsamples           0/1024            0/16384    ( 0.0%) 
overlays                 0/512             0/180224   ( 0.0%) 
LDR lightdata         [variable]      470160/0        ( 0.0%) 
HDR lightdata         [variable]           0/0        ( 0.0%) 
visdata               [variable]           0/16777216 ( 0.0%) 
entdata               [variable]         342/393216   ( 0.1%) 
LDR ambient table      504/65536        2016/262144   ( 0.8%) 
HDR ambient table      504/65536        2016/262144   ( 0.8%) 
LDR leaf ambient       322/65536        9016/1835008  ( 0.5%) 
HDR leaf ambient       504/65536       14112/1835008  ( 0.8%) 
occluders                0/0               0/0        ( 0.0%) 
occluder polygons        0/0               0/0        ( 0.0%) 
occluder vert ind        0/0               0/0        ( 0.0%) 
detail props          [variable]           1/12       ( 8.3%) 
static props          [variable]           1/12       ( 8.3%) 
pakfile               [variable]      211507/0        ( 0.0%) 
physics               [variable]       51093/4194304  ( 1.2%) 
physics terrain       [variable]           2/1048576  ( 0.0%) 

Level flags = 0

Total triangle count: 1413
Writing c:\program files (x86)\steam\steamapps\common\garrysmod\bin\Pool4.bsp
0 seconds elapsed



materialPath: C:\Program Files (x86)\Steam\steamapps\common\GarrysMod\garrysmod\materials
Loading C:\Program Files (x86)\Steam\steamapps\common\GarrysMod\bin\Pool4.vmf
Could not locate 'GameData' key in c:\program files (x86)\steam\steamapps\common\garrysmod\garrysmod\gameinfo.txt
fixing up env_cubemap materials on brush sides...
0...1...2...3...4...5...6...7...8...9...10**** leaked ****
Entity info_player_deathmatch (1349.23 187.57 67.00) leaked!
Processing areas...done (0)
Building Faces...done (0)
Chop Details...done (0)
Find Visible Detail Sides...
Merged 24 detail faces...done (0)
Merging details...done (0)
FixTjuncs...
PruneNodes...
WriteBSP...
done (0)
Creating default LDR cubemaps for env_cubemap using skybox materials:
   skybox/sky_day02_02*.vmt
 ! Run buildcubemaps in the engine to get the correct cube maps.
Creating default HDR cubemaps for env_cubemap using skybox materials:
   skybox/sky_day02_02*.vmt
 ! Run buildcubemaps in the engine to get the correct cube maps.
Finding displacement neighbors...
Finding lightmap sample positions...
Displacement Alpha : 0...1...2...3...4...5...6...7...8...9...10
Building Physics collision data...
done (0) (57037 bytes)
Placing detail props : 0...1...2...3...4...5...6...7...8...9...10
Compacting texture/material tables...
Reduced 252 texinfos to 123
Reduced 7 texdatas to 6 (150 bytes to 114)
Writing C:\Program Files (x86)\Steam\steamapps\common\GarrysMod\bin\Pool4.bsp
0 seconds elapsed



8 threads
reading c:\program files (x86)\steam\steamapps\common\garrysmod\bin\Pool4.bsp
reading c:\program files (x86)\steam\steamapps\common\garrysmod\bin\Pool4.prt
LoadPortals: couldn't read c:\program files (x86)\steam\steamapps\common\garrysmod\bin\Pool4.prt



[Reading texlights from 'lights.rad']
[45 texlights parsed from 'lights.rad']

Loading c:\program files (x86)\steam\steamapps\common\garrysmod\bin\Pool4.bsp
No vis information, direct lighting only.
730 faces
329855 square feet [47499224.00 square inches]
0 Displacements
0 Square Feet [0.00 Square Inches]
0 direct lights
0...1...2...3...4...5...6...7...8...9...10Build Patch/Sample Hash Table(s).....Done<0.0006 sec>
0...1...2...3...4...5...6...7...8...9...10FinalLightFace Done
0 of 0 (0% of) surface lights went in leaf ambient cubes.
0...1...2...3...4...5...6...7...8...9...10Writing leaf ambient...done
Ready to Finish

Object names       Objects/Maxobjs  Memory / Maxmem  Fullness 
------------       ---------------  ---------------  -------- 
models                   1/1024           48/49152    ( 0.1%) 
brushes                155/8192         1860/98304    ( 1.9%) 
brushsides            1112/65536        8896/524288   ( 1.7%) 
planes                 312/65536        6240/1310720  ( 0.5%) 
vertexes              1051/65536       12612/786432   ( 1.6%) 
nodes                  611/65536       19552/2097152  ( 0.9%) 
texinfos               123/12288        8856/884736   ( 1.0%) 
texdata                  6/2048          192/65536    ( 0.3%) 
dispinfos                0/0               0/0        ( 0.0%) 
disp_verts               0/0               0/0        ( 0.0%) 
disp_tris                0/0               0/0        ( 0.0%) 
disp_lmsamples           0/0               0/0        ( 0.0%) 
faces                  730/65536       40880/3670016  ( 1.1%) 
hdr faces                0/65536           0/3670016  ( 0.0%) 
origfaces              301/65536       16856/3670016  ( 0.5%) 
leaves                 613/65536       19616/2097152  ( 0.9%) 
leaffaces             1081/65536        2162/131072   ( 1.6%) 
leafbrushes            453/65536         906/131072   ( 0.7%) 
areas                    2/256            16/2048     ( 0.8%) 
surfedges             4453/512000      17812/2048000  ( 0.9%) 
edges                 2773/256000      11092/1024000  ( 1.1%) 
LDR worldlights          0/8192            0/720896   ( 0.0%) 
HDR worldlights          0/8192            0/720896   ( 0.0%) 
leafwaterdata            0/32768           0/393216   ( 0.0%) 
waterstrips             85/32768         850/327680   ( 0.3%) 
waterverts               0/65536           0/786432   ( 0.0%) 
waterindices          1155/65536        2310/131072   ( 1.8%) 
cubemapsamples           0/1024            0/16384    ( 0.0%) 
overlays                 0/512             0/180224   ( 0.0%) 
LDR lightdata         [variable]      500140/0        ( 0.0%) 
HDR lightdata         [variable]           0/0        ( 0.0%) 
visdata               [variable]           0/16777216 ( 0.0%) 
entdata               [variable]         342/393216   ( 0.1%) 
LDR ambient table      613/65536        2452/262144   ( 0.9%) 
HDR ambient table      613/65536        2452/262144   ( 0.9%) 
LDR leaf ambient       395/65536       11060/1835008  ( 0.6%) 
HDR leaf ambient       613/65536       17164/1835008  ( 0.9%) 
occluders                0/0               0/0        ( 0.0%) 
occluder polygons        0/0               0/0        ( 0.0%) 
occluder vert ind        0/0               0/0        ( 0.0%) 
detail props          [variable]           1/12       ( 8.3%) 
static props          [variable]           1/12       ( 8.3%) 
pakfile               [variable]      211507/0        ( 0.0%) 
physics               [variable]       57037/4194304  ( 1.4%) 
physics terrain       [variable]           2/1048576  ( 0.0%) 

Level flags = 0

Total triangle count: 1789
Writing c:\program files (x86)\steam\steamapps\common\garrysmod\bin\Pool4.bsp
0 seconds elapsed
