


materialPath: C:\Program Files (x86)\Steam\steamapps\common\GarrysMod\garrysmod\materials
Loading C:\Program Files (x86)\Steam\steamapps\common\GarrysMod\bin\Pool7.vmf
ConVarRef mat_reduceparticles doesn't point to an existing ConVar
Could not locate 'GameData' key in c:\program files (x86)\steam\steamapps\common\garrysmod\garrysmod\gameinfo.txt
fixing up env_cubemap materials on brush sides...
0...1...2...3...4...5...6...7...8...9...100...1...2...3...4...5...6...7...8...9...10Processing areas...done (0)
Building Faces...done (0)
Chop Details...done (0)
Find Visible Detail Sides...
Merged 24 detail faces...done (0)
Merging details...done (0)
FixTjuncs...
PruneNodes...
WriteBSP...
done (0)
writing C:\Program Files (x86)\Steam\steamapps\common\GarrysMod\bin\Pool7.prt...Building visibility clusters...
done (0)
Creating default LDR cubemaps for env_cubemap using skybox materials:
   skybox/sky_day02_02*.vmt
 ! Run buildcubemaps in the engine to get the correct cube maps.
Creating default HDR cubemaps for env_cubemap using skybox materials:
   skybox/sky_day02_02*.vmt
 ! Run buildcubemaps in the engine to get the correct cube maps.
Finding displacement neighbors...
Finding lightmap sample positions...
Displacement Alpha : 0...1...2...3...4...5...6...7...8...9...10
Building Physics collision data...
done (0) (163381 bytes)
Placing detail props : 0...1...2...3...4...5...6...7...8...9...10
Water found with no water_lod_control entity, creating a default one.
Compacting texture/material tables...
Reduced 563 texinfos to 342
Reduced 21 texdatas to 16 (466 bytes to 289)
Writing C:\Program Files (x86)\Steam\steamapps\common\GarrysMod\bin\Pool7.bsp
0 seconds elapsed



8 threads
reading c:\program files (x86)\steam\steamapps\common\garrysmod\bin\Pool7.bsp
reading c:\program files (x86)\steam\steamapps\common\garrysmod\bin\Pool7.prt
 773 portalclusters
2600 numportals
0...1...2...3...4...5...6...7...8...9...10Optimized: 21909 visible clusters (5.09%)
Total clusters visible: 430650
Average clusters visible: 557
Building PAS...
Average clusters audible: 773
visdatasize:154044  compressed from 160784
writing c:\program files (x86)\steam\steamapps\common\garrysmod\bin\Pool7.bsp
0 seconds elapsed



[Reading texlights from 'lights.rad']
[45 texlights parsed from 'lights.rad']

Loading c:\program files (x86)\steam\steamapps\common\garrysmod\bin\Pool7.bsp
2800 faces
1 degenerate faces
201541 square feet [29021906.00 square inches]
0 Displacements
0 Square Feet [0.00 Square Inches]
2799 patches before subdivision
19681 patches after subdivision
0 direct lights
0...1...2...3...4...5...6...7...8...9...100...1...2...3...4...5...6...7...8...9...10transfers 4107781, max 1351
transfer lists:  31.3 megs
0...1...2...3...4...5...6...7...8...9...10	Bounce #1 added RGB(0, 0, 0)
Build Patch/Sample Hash Table(s).....Done<0.0029 sec>
0...1...2...3...4...5...6...7...8...9...10FinalLightFace Done
0 of 0 (0% of) surface lights went in leaf ambient cubes.
0...1...2...3...4...5...6...7...8...9...10Writing leaf ambient...done
Ready to Finish

Object names       Objects/Maxobjs  Memory / Maxmem  Fullness 
------------       ---------------  ---------------  -------- 
models                   1/1024           48/49152    ( 0.1%) 
brushes                431/8192         5172/98304    ( 5.3%) 
brushsides            3640/65536       29120/524288   ( 5.6%) 
planes                1352/65536       27040/1310720  ( 2.1%) 
vertexes              4143/65536       49716/786432   ( 6.3%) 
nodes                 1445/65536       46240/2097152  ( 2.2%) 
texinfos               342/12288       24624/884736   ( 2.8%) 
texdata                 16/2048          512/65536    ( 0.8%) 
dispinfos                0/0               0/0        ( 0.0%) 
disp_verts               0/0               0/0        ( 0.0%) 
disp_tris                0/0               0/0        ( 0.0%) 
disp_lmsamples           0/0               0/0        ( 0.0%) 
faces                 2800/65536      156800/3670016  ( 4.3%) 
hdr faces                0/65536           0/3670016  ( 0.0%) 
origfaces             1374/65536       76944/3670016  ( 2.1%) 
leaves                1447/65536       46304/2097152  ( 2.2%) 
leaffaces             3512/65536        7024/131072   ( 5.4%) 
leafbrushes           1526/65536        3052/131072   ( 2.3%) 
areas                    2/256            16/2048     ( 0.8%) 
surfedges            19299/512000      77196/2048000  ( 3.8%) 
edges                10988/256000      43952/1024000  ( 4.3%) 
LDR worldlights          0/8192            0/720896   ( 0.0%) 
HDR worldlights          0/8192            0/720896   ( 0.0%) 
leafwaterdata            2/32768          24/393216   ( 0.0%) 
waterstrips            464/32768        4640/327680   ( 1.4%) 
waterverts               0/65536           0/786432   ( 0.0%) 
waterindices          7296/65536       14592/131072   (11.1%) 
cubemapsamples           0/1024            0/16384    ( 0.0%) 
overlays                 0/512             0/180224   ( 0.0%) 
LDR lightdata         [variable]      989808/0        ( 0.0%) 
HDR lightdata         [variable]           0/0        ( 0.0%) 
visdata               [variable]      154044/16777216 ( 0.9%) 
entdata               [variable]        1545/393216   ( 0.4%) 
LDR ambient table     1447/65536        5788/262144   ( 2.2%) 
HDR ambient table     1447/65536        5788/262144   ( 2.2%) 
LDR leaf ambient       773/65536       21644/1835008  ( 1.2%) 
HDR leaf ambient      1447/65536       40516/1835008  ( 2.2%) 
occluders                0/0               0/0        ( 0.0%) 
occluder polygons        0/0               0/0        ( 0.0%) 
occluder vert ind        0/0               0/0        ( 0.0%) 
detail props          [variable]           1/12       ( 8.3%) 
static props          [variable]           1/12       ( 8.3%) 
pakfile               [variable]      212632/0        ( 0.0%) 
physics               [variable]      163381/4194304  ( 3.9%) 
physics terrain       [variable]           2/1048576  ( 0.0%) 

Level flags = 0

Total triangle count: 8202
Writing c:\program files (x86)\steam\steamapps\common\garrysmod\bin\Pool7.bsp
3 seconds elapsed



materialPath: C:\Program Files (x86)\Steam\steamapps\common\GarrysMod\garrysmod\materials
Loading C:\Program Files (x86)\Steam\steamapps\common\GarrysMod\bin\Pool7.vmf
ConVarRef mat_reduceparticles doesn't point to an existing ConVar
Could not locate 'GameData' key in c:\program files (x86)\steam\steamapps\common\garrysmod\garrysmod\gameinfo.txt
fixing up env_cubemap materials on brush sides...
0...1...2...3...4...5...6...7...8...9...100...1...2...3...4...5...6...7...8...9...10Processing areas...done (0)
Building Faces...done (0)
Chop Details...done (0)
Find Visible Detail Sides...
Merged 24 detail faces...done (0)
Merging details...done (0)
FixTjuncs...
PruneNodes...
WriteBSP...
done (0)
writing C:\Program Files (x86)\Steam\steamapps\common\GarrysMod\bin\Pool7.prt...Building visibility clusters...
done (0)
Creating default LDR cubemaps for env_cubemap using skybox materials:
   skybox/sky_day02_02*.vmt
 ! Run buildcubemaps in the engine to get the correct cube maps.
Creating default HDR cubemaps for env_cubemap using skybox materials:
   skybox/sky_day02_02*.vmt
 ! Run buildcubemaps in the engine to get the correct cube maps.
Finding displacement neighbors...
Finding lightmap sample positions...
Displacement Alpha : 0...1...2...3...4...5...6...7...8...9...10
Building Physics collision data...
done (0) (165949 bytes)
Placing detail props : 0...1...2...3...4...5...6...7...8...9...10
Water found with no water_lod_control entity, creating a default one.
Compacting texture/material tables...
Reduced 565 texinfos to 341
Reduced 21 texdatas to 16 (466 bytes to 289)
Writing C:\Program Files (x86)\Steam\steamapps\common\GarrysMod\bin\Pool7.bsp
0 seconds elapsed



8 threads
reading c:\program files (x86)\steam\steamapps\common\garrysmod\bin\Pool7.bsp
reading c:\program files (x86)\steam\steamapps\common\garrysmod\bin\Pool7.prt
 777 portalclusters
2623 numportals
0...1...2...3...4...5...6...7...8...9...10Optimized: 22767 visible clusters (5.31%)
Total clusters visible: 428632
Average clusters visible: 551
Building PAS...
Average clusters audible: 777
visdatasize:155407  compressed from 161616
writing c:\program files (x86)\steam\steamapps\common\garrysmod\bin\Pool7.bsp
0 seconds elapsed



[Reading texlights from 'lights.rad']
[45 texlights parsed from 'lights.rad']

Loading c:\program files (x86)\steam\steamapps\common\garrysmod\bin\Pool7.bsp
2814 faces
201631 square feet [29034886.00 square inches]
0 Displacements
0 Square Feet [0.00 Square Inches]
2814 patches before subdivision
19690 patches after subdivision
0 direct lights
0...1...2...3...4...5...6...7...8...9...100...1...2...3...4...5...6...7...8...9...10transfers 4132315, max 1358
transfer lists:  31.5 megs
0...1...2...3...4...5...6...7...8...9...10	Bounce #1 added RGB(0, 0, 0)
Build Patch/Sample Hash Table(s).....Done<0.0048 sec>
0...1...2...3...4...5...6...7...8...9...10FinalLightFace Done
0 of 0 (0% of) surface lights went in leaf ambient cubes.
0...1...2...3...4...5...6...7...8...9...10Writing leaf ambient...done
Ready to Finish

Object names       Objects/Maxobjs  Memory / Maxmem  Fullness 
------------       ---------------  ---------------  -------- 
models                   1/1024           48/49152    ( 0.1%) 
brushes                438/8192         5256/98304    ( 5.3%) 
brushsides            3695/65536       29560/524288   ( 5.6%) 
planes                1380/65536       27600/1310720  ( 2.1%) 
vertexes              4173/65536       50076/786432   ( 6.4%) 
nodes                 1459/65536       46688/2097152  ( 2.2%) 
texinfos               341/12288       24552/884736   ( 2.8%) 
texdata                 16/2048          512/65536    ( 0.8%) 
dispinfos                0/0               0/0        ( 0.0%) 
disp_verts               0/0               0/0        ( 0.0%) 
disp_tris                0/0               0/0        ( 0.0%) 
disp_lmsamples           0/0               0/0        ( 0.0%) 
faces                 2814/65536      157584/3670016  ( 4.3%) 
hdr faces                0/65536           0/3670016  ( 0.0%) 
origfaces             1391/65536       77896/3670016  ( 2.1%) 
leaves                1461/65536       46752/2097152  ( 2.2%) 
leaffaces             3535/65536        7070/131072   ( 5.4%) 
leafbrushes           1544/65536        3088/131072   ( 2.4%) 
areas                    2/256            16/2048     ( 0.8%) 
surfedges            19397/512000      77588/2048000  ( 3.8%) 
edges                11045/256000      44180/1024000  ( 4.3%) 
LDR worldlights          0/8192            0/720896   ( 0.0%) 
HDR worldlights          0/8192            0/720896   ( 0.0%) 
leafwaterdata            2/32768          24/393216   ( 0.0%) 
waterstrips            456/32768        4560/327680   ( 1.4%) 
waterverts               0/65536           0/786432   ( 0.0%) 
waterindices          7167/65536       14334/131072   (10.9%) 
cubemapsamples           0/1024            0/16384    ( 0.0%) 
overlays                 0/512             0/180224   ( 0.0%) 
LDR lightdata         [variable]      989532/0        ( 0.0%) 
HDR lightdata         [variable]           0/0        ( 0.0%) 
visdata               [variable]      155407/16777216 ( 0.9%) 
entdata               [variable]        1545/393216   ( 0.4%) 
LDR ambient table     1461/65536        5844/262144   ( 2.2%) 
HDR ambient table     1461/65536        5844/262144   ( 2.2%) 
LDR leaf ambient       777/65536       21756/1835008  ( 1.2%) 
HDR leaf ambient      1461/65536       40908/1835008  ( 2.2%) 
occluders                0/0               0/0        ( 0.0%) 
occluder polygons        0/0               0/0        ( 0.0%) 
occluder vert ind        0/0               0/0        ( 0.0%) 
detail props          [variable]           1/12       ( 8.3%) 
static props          [variable]           1/12       ( 8.3%) 
pakfile               [variable]      212632/0        ( 0.0%) 
physics               [variable]      165949/4194304  ( 4.0%) 
physics terrain       [variable]           2/1048576  ( 0.0%) 

Level flags = 0

Total triangle count: 8204
Writing c:\program files (x86)\steam\steamapps\common\garrysmod\bin\Pool7.bsp
3 seconds elapsed
